{
  "RSpec": {
    "coverage": {
      "/Users/leonardocouto/development/mechany/dsl/dsl.rb": [
        null,
        null,
        1
      ],
      "/Users/leonardocouto/development/mechany/dsl/reader.rb": [
        1,
        1,
        1,
        null,
        null,
        1,
        1,
        null,
        null,
        1,
        null,
        1,
        2,
        2,
        null,
        null,
        null
      ],
      "/Users/leonardocouto/development/mechany/dsl/smtp.rb": [
        1,
        null,
        1,
        null,
        1,
        2,
        null,
        null,
        null,
        null
      ],
      "/Users/leonardocouto/development/mechany/endpoints/endpoint.rb": [
        null,
        null,
        1
      ],
      "/Users/leonardocouto/development/mechany/endpoints/mail/delivery.rb": [
        1,
        1,
        1,
        null,
        null,
        1,
        1,
        null,
        null,
        1,
        null,
        null,
        null,
        null,
        null,
        1,
        0,
        null,
        null,
        null,
        null,
        null
      ],
      "/Users/leonardocouto/development/mechany/endpoints/mail/smtp.rb": [
        1,
        1,
        1,
        1,
        null,
        null,
        1,
        1,
        1,
        null,
        null,
        1,
        1,
        1,
        1,
        1,
        1,
        1,
        null,
        null,
        null,
        1,
        null,
        null,
        null,
        null,
        1,
        2,
        null,
        null,
        null,
        null
      ],
      "/Users/leonardocouto/development/mechany/endpoints/mail/mail.rb": [
        1,
        null,
        null,
        1,
        null
      ],
      "/Users/leonardocouto/development/mechany/spec/dsl/reader_spec.rb": [
        1,
        null,
        1,
        null,
        2,
        null,
        1,
        1,
        1,
        1,
        null,
        null,
        null
      ],
      "/Users/leonardocouto/development/mechany/spec/dsl/smtp_spec.rb": [
        1,
        null,
        1,
        1,
        null,
        1,
        1,
        null,
        null,
        null
      ],
      "/Users/leonardocouto/development/mechany/spec/endpoints/smtp_spec.rb": [
        1,
        null,
        1,
        null,
        1,
        2,
        null,
        1,
        1,
        null,
        null,
        null
      ]
    },
    "timestamp": 1384968639
  }
}
